This is pdfTeX, Version 3.1415926-2.5-1.40.14 (TeX Live 2013/Debian) (format=pdflatex 2016.4.12)  26 JUN 2017 23:09
entering extended mode
 restricted \write18 enabled.
 %&-line parsing enabled.
**file.tex
(./file.tex
LaTeX2e <2011/06/27>
Babel <3.9h> and hyphenation patterns for 3 languages loaded.
(/usr/share/texlive/texmf-dist/tex/latex/base/article.cls
Document Class: article 2007/10/19 v1.4h Standard LaTeX document class
(/usr/share/texlive/texmf-dist/tex/latex/base/size12.clo
File: size12.clo 2007/10/19 v1.4h Standard LaTeX file (size option)
)
\c@part=\count79
\c@section=\count80
\c@subsection=\count81
\c@subsubsection=\count82
\c@paragraph=\count83
\c@subparagraph=\count84
\c@figure=\count85
\c@table=\count86
\abovecaptionskip=\skip41
\belowcaptionskip=\skip42
\bibindent=\dimen102
)
(/usr/share/texlive/texmf-dist/tex/latex/amsmath/amstext.sty
Package: amstext 2000/06/29 v2.01

(/usr/share/texlive/texmf-dist/tex/latex/amsmath/amsgen.sty
File: amsgen.sty 1999/11/30 v2.0
\@emptytoks=\toks14
\ex@=\dimen103
))
(/usr/share/texlive/texmf-dist/tex/latex/amsfonts/amssymb.sty
Package: amssymb 2013/01/14 v3.01 AMS font symbols

(/usr/share/texlive/texmf-dist/tex/latex/amsfonts/amsfonts.sty
Package: amsfonts 2013/01/14 v3.01 Basic AMSFonts support
\symAMSa=\mathgroup4
\symAMSb=\mathgroup5
LaTeX Font Info:    Overwriting math alphabet `\mathfrak' in version `bold'
(Font)                  U/euf/m/n --> U/euf/b/n on input line 106.
))
(/usr/share/texlive/texmf-dist/tex/latex/stmaryrd/stmaryrd.sty
Package: stmaryrd 1994/03/03 St Mary's Road symbol package
\symstmry=\mathgroup6
LaTeX Font Info:    Overwriting symbol font `stmry' in version `bold'
(Font)                  U/stmry/m/n --> U/stmry/b/n on input line 89.
)
(/usr/share/texlive/texmf-dist/tex/latex/polytable/polytable.sty
Package: polytable 2013/07/18 v0.8.5 `polytable' package (Andres Loeh)

(/usr/share/texlive/texmf-dist/tex/latex/lazylist/lazylist.sty)
(/usr/share/texlive/texmf-dist/tex/latex/tools/array.sty
Package: array 2008/09/09 v2.4c Tabular extension package (FMi)
\col@sep=\dimen104
\extrarowheight=\dimen105
\NC@list=\toks15
\extratabsurround=\skip43
\backup@length=\skip44
)
\PT@colwidth=\dimen106
\PT@cols=\count87
\PT@table=\count88
\PT@toks=\toks16
\PT@in=\read1
\PT@out=\write3
)
\mathindent=\dimen107
\blanklineskip=\skip45

(/usr/share/texlive/texmf-dist/tex/latex/tools/calc.sty
Package: calc 2007/08/22 v4.3 Infix arithmetic (KKT,FJ)
\calc@Acount=\count89
\calc@Bcount=\count90
\calc@Adimen=\dimen108
\calc@Bdimen=\dimen109
\calc@Askip=\skip46
\calc@Bskip=\skip47
LaTeX Info: Redefining \setlength on input line 76.
LaTeX Info: Redefining \addtolength on input line 77.
\calc@Ccount=\count91
\calc@Cskip=\skip48
) (./busproofs.sty
Proof Tree (bussproofs) style macros. Version 1.1.
\theLevel=\count92
\myMaxLevel=\count93
\myBoxA=\box26
\myBoxB=\box27
\myBoxC=\box28
\myBoxD=\box29
\myBoxLL=\box30
\myBoxRL=\box31
\thisAboveSkip=\dimen110
\thisBelowSkip=\dimen111
\newScoreStart=\dimen112
\newScoreEnd=\dimen113
\newCenter=\dimen114
\displace=\dimen115
\leftLowerAmt=\dimen116
\rightLowerAmt=\dimen117
\scoreHeight=\dimen118
\scoreDepth=\dimen119
\htLbox=\dimen120
\htRbox=\dimen121
\htRRbox=\dimen122
\htRRRbox=\dimen123
\htAbox=\dimen124
\htCbox=\dimen125
) (/usr/share/texlive/texmf-dist/tex/generic/babel/babel.sty
Package: babel 2013/12/03 3.9h The Babel package

(/usr/share/texlive/texmf-dist/tex/generic/babel-portuges/portuges.ldf
Language: portuges 2008/03/18 v1.2q Portuguese support from the babel system

(/usr/share/texlive/texmf-dist/tex/generic/babel/babel.def
File: babel.def 2013/12/03 3.9h Babel common definitions
\babel@savecnt=\count94
\U@D=\dimen126
)
\l@brazil = a dialect from \language\l@portuges 
Package babel Info: Making " an active character on input line 145.
)) (./file.aux)
\openout1 = `file.aux'.

LaTeX Font Info:    Checking defaults for OML/cmm/m/it on input line 271.
LaTeX Font Info:    ... okay on input line 271.
LaTeX Font Info:    Checking defaults for T1/cmr/m/n on input line 271.
LaTeX Font Info:    ... okay on input line 271.
LaTeX Font Info:    Checking defaults for OT1/cmr/m/n on input line 271.
LaTeX Font Info:    ... okay on input line 271.
LaTeX Font Info:    Checking defaults for OMS/cmsy/m/n on input line 271.
LaTeX Font Info:    ... okay on input line 271.
LaTeX Font Info:    Checking defaults for OMX/cmex/m/n on input line 271.
LaTeX Font Info:    ... okay on input line 271.
LaTeX Font Info:    Checking defaults for U/cmr/m/n on input line 271.
LaTeX Font Info:    ... okay on input line 271.
LaTeX Font Info:    Try loading font information for U+msa on input line 273.

(/usr/share/texlive/texmf-dist/tex/latex/amsfonts/umsa.fd
File: umsa.fd 2013/01/14 v3.01 AMS symbols A
)
LaTeX Font Info:    Try loading font information for U+msb on input line 273.

(/usr/share/texlive/texmf-dist/tex/latex/amsfonts/umsb.fd
File: umsb.fd 2013/01/14 v3.01 AMS symbols B
)
LaTeX Font Info:    Try loading font information for U+stmry on input line 273.


(/usr/share/texlive/texmf-dist/tex/latex/stmaryrd/Ustmry.fd)
\openout3 = `file.ptb'.

 [1

{/var/lib/texmf/fonts/map/pdftex/updmap/pdftex.map}]
\openout3 = `file.ptb'.

\openout3 = `file.ptb'.

\openout3 = `file.ptb'.

 [2]
\openout3 = `file.ptb'.

\openout3 = `file.ptb'.

\openout3 = `file.ptb'.


Overfull \hbox (143.41418pt too wide) in paragraph at lines 414--442
 [][][][] 
 []


Overfull \hbox (143.41418pt too wide) in paragraph at lines 414--442
 [][][][] 
 []


Overfull \hbox (143.41418pt too wide) in paragraph at lines 414--442
 [][][][] 
 []


Overfull \hbox (143.41418pt too wide) in paragraph at lines 414--442
 [][][][] 
 []


Overfull \hbox (143.41418pt too wide) in paragraph at lines 414--442
 [][][][] 
 []


Overfull \hbox (143.41418pt too wide) in paragraph at lines 414--442
 [][][][] 
 []


Overfull \hbox (143.41418pt too wide) in paragraph at lines 414--442
 [][][][] 
 []

[3]
\openout3 = `file.ptb'.


Overfull \hbox (131.66429pt too wide) in paragraph at lines 447--480
 [][] 
 []


Overfull \hbox (131.66429pt too wide) in paragraph at lines 447--480
 [][][][] 
 []


Overfull \hbox (131.66429pt too wide) in paragraph at lines 447--480
 [][][][] 
 []


Overfull \hbox (131.66429pt too wide) in paragraph at lines 447--480
 [][] 
 []


Overfull \hbox (131.66429pt too wide) in paragraph at lines 447--480
 [][] 
 []


Overfull \hbox (131.66429pt too wide) in paragraph at lines 447--480
 [][][][] 
 []


Overfull \hbox (131.66429pt too wide) in paragraph at lines 447--480
 [][][][] 
 []


Overfull \hbox (131.66429pt too wide) in paragraph at lines 447--480
 [][][][] 
 []


Overfull \hbox (131.66429pt too wide) in paragraph at lines 447--480
 [][] 
 []


Overfull \hbox (131.66429pt too wide) in paragraph at lines 447--480
 [][][][] 
 []


Overfull \hbox (131.66429pt too wide) in paragraph at lines 447--480
 [][][][] 
 []

\openout3 = `file.ptb'.

\openout3 = `file.ptb'.

[4]
\openout3 = `file.ptb'.

\openout3 = `file.ptb'.


Overfull \hbox (55.87675pt too wide) in paragraph at lines 531--549
 [][] 
 []


Overfull \hbox (55.87675pt too wide) in paragraph at lines 531--549
 [][] 
 []


Overfull \hbox (55.87675pt too wide) in paragraph at lines 531--549
 [][] 
 []


Overfull \hbox (55.87675pt too wide) in paragraph at lines 531--549
 [][][][][][] 
 []


Overfull \hbox (55.87675pt too wide) in paragraph at lines 531--549
 [][][][] 
 []

[5] (./file.aux) ) 
Here is how much of TeX's memory you used:
 1849 strings out of 495004
 22201 string characters out of 6180662
 81033 words of memory out of 5000000
 5069 multiletter control sequences out of 15000+600000
 15494 words of font info for 61 fonts, out of 8000000 for 9000
 16 hyphenation exceptions out of 8191
 25i,7n,35p,695b,275s stack positions out of 5000i,500n,10000p,200000b,80000s
</usr/share/texlive/texmf-dist/fonts/type1/public/amsfonts/cm
/cmbx12.pfb></usr/share/texlive/texmf-dist/fonts/type1/public/amsfonts/cm/cmmi1
2.pfb></usr/share/texlive/texmf-dist/fonts/type1/public/amsfonts/cm/cmr12.pfb><
/usr/share/texlive/texmf-dist/fonts/type1/public/amsfonts/cm/cmr17.pfb></usr/sh
are/texlive/texmf-dist/fonts/type1/public/amsfonts/cm/cmsy10.pfb></usr/share/te
xlive/texmf-dist/fonts/type1/public/amsfonts/cm/cmsy8.pfb></usr/share/texlive/t
exmf-dist/fonts/type1/public/amsfonts/cm/cmti12.pfb></usr/share/texlive/texmf-d
ist/fonts/type1/public/amsfonts/cm/cmtt12.pfb>
Output written on file.pdf (5 pages, 99764 bytes).
PDF statistics:
 52 PDF objects out of 1000 (max. 8388607)
 36 compressed objects within 1 object stream
 0 named destinations out of 1000 (max. 500000)
 1 words of extra memory for PDF output out of 10000 (max. 10000000)

